Started GET "/home/index" for 127.0.0.1 at 2022-08-23 10:08:24 -0600
  [1m[35m (5.7ms)[0m  [1m[34mSELECT sqlite_version(*)[0m
Processing by HomeController#index as HTML
  Rendering layout layouts/application.html.erb
  Rendering home/index.html.erb within layouts/application
  Rendered home/index.html.erb within layouts/application (Duration: 6.3ms | Allocations: 644)
  Rendered layout layouts/application.html.erb (Duration: 451.6ms | Allocations: 87580)
Completed 500 Internal Server Error in 548ms (ActiveRecord: 0.0ms | Allocations: 92247)


  
ActionView::Template::Error (Permission denied @ rb_file_s_rename - (C:/Users/randa/cmt-solutions-to-send/cmt-solutions/tmp/cache/assets/sprockets/v4.0.0/RV/RVe_sOAtS3V5cJ5s50oHozHJC0XFcmRlEXzyO7dcl_g.cache.69740.15632.320228, C:/Users/randa/cmt-solutions-to-send/cmt-solutions/tmp/cache/assets/sprockets/v4.0.0/RV/RVe_sOAtS3V5cJ5s50oHozHJC0XFcmRlEXzyO7dcl_g.cache)):
  
sprockets (4.1.1) lib/sprockets/path_utils.rb:362:in `rename'
sprockets (4.1.1) lib/sprockets/path_utils.rb:362:in `atomic_write'
sprockets (4.1.1) lib/sprockets/cache/file_store.rb:112:in `set'
sprockets (4.1.1) lib/sprockets/cache.rb:227:in `set'
sprockets (4.1.1) lib/sprockets/cache.rb:143:in `set'
sprockets (4.1.1) lib/sprockets/loader.rb:341:in `fetch_asset_from_dependency_cache'
sprockets (4.1.1) lib/sprockets/loader.rb:43:in `load'
sprockets (4.1.1) lib/sprockets/cached_environment.rb:44:in `block in load'
sprockets (4.1.1) lib/sprockets/cached_environment.rb:44:in `fetch'
sprockets (4.1.1) lib/sprockets/cached_environment.rb:44:in `load'
sprockets (4.1.1) lib/sprockets/bundle.rb:32:in `block in call'
C:/Ruby31-x64/lib/ruby/3.1.0/set.rb:511:in `each_key'
C:/Ruby31-x64/lib/ruby/3.1.0/set.rb:511:in `each'
sprockets (4.1.1) lib/sprockets/bundle.rb:31:in `call'
sprockets (4.1.1) lib/sprockets/processor_utils.rb:84:in `call_processor'
sprockets (4.1.1) lib/sprockets/processor_utils.rb:66:in `block in call_processors'
sprockets (4.1.1) lib/sprockets/processor_utils.rb:65:in `reverse_each'
sprockets (4.1.1) lib/sprockets/processor_utils.rb:65:in `call_processors'
sprockets (4.1.1) lib/sprockets/loader.rb:182:in `load_from_unloaded'
sprockets (4.1.1) lib/sprockets/loader.rb:59:in `block in load'
sprockets (4.1.1) lib/sprockets/loader.rb:337:in `fetch_asset_from_dependency_cache'
sprockets (4.1.1) lib/sprockets/loader.rb:43:in `load'
sprockets (4.1.1) lib/sprockets/cached_environment.rb:44:in `block in load'
sprockets (4.1.1) lib/sprockets/cached_environment.rb:44:in `fetch'
sprockets (4.1.1) lib/sprockets/cached_environment.rb:44:in `load'
sprockets (4.1.1) lib/sprockets/base.rb:81:in `find_asset'
sprockets (4.1.1) lib/sprockets/base.rb:88:in `find_all_linked_assets'
sprockets (4.1.1) lib/sprockets/manifest.rb:125:in `each'
sprockets (4.1.1) lib/sprockets/manifest.rb:125:in `to_a'
sprockets (4.1.1) lib/sprockets/manifest.rb:125:in `block (2 levels) in find'
concurrent-ruby (1.1.10) lib/concurrent-ruby/concurrent/executor/safe_task_executor.rb:24:in `block in execute'
concurrent-ruby (1.1.10) lib/concurrent-ruby/concurrent/synchronization/mutex_lockable_object.rb:47:in `block in synchronize'
concurrent-ruby (1.1.10) lib/concurrent-ruby/concurrent/synchronization/mutex_lockable_object.rb:47:in `synchronize'
concurrent-ruby (1.1.10) lib/concurrent-ruby/concurrent/synchronization/mutex_lockable_object.rb:47:in `synchronize'
concurrent-ruby (1.1.10) lib/concurrent-ruby/concurrent/executor/safe_task_executor.rb:22:in `execute'
concurrent-ruby (1.1.10) lib/concurrent-ruby/concurrent/promise.rb:564:in `block in realize'
concurrent-ruby (1.1.10) lib/concurrent-ruby/concurrent/executor/ruby_thread_pool_executor.rb:352:in `run_task'
concurrent-ruby (1.1.10) lib/concurrent-ruby/concurrent/executor/ruby_thread_pool_executor.rb:343:in `block (3 levels) in create_worker'
concurrent-ruby (1.1.10) lib/concurrent-ruby/concurrent/executor/ruby_thread_pool_executor.rb:334:in `loop'
concurrent-ruby (1.1.10) lib/concurrent-ruby/concurrent/executor/ruby_thread_pool_executor.rb:334:in `block (2 levels) in create_worker'
concurrent-ruby (1.1.10) lib/concurrent-ruby/concurrent/executor/ruby_thread_pool_executor.rb:333:in `catch'
concurrent-ruby (1.1.10) lib/concurrent-ruby/concurrent/executor/ruby_thread_pool_executor.rb:333:in `block in create_worker'
Started GET "/favicon.ico" for 127.0.0.1 at 2022-08-23 10:08:26 -0600
  
ActionController::RoutingError (No route matches [GET] "/favicon.ico"):
  
Started GET "/home/index" for 127.0.0.1 at 2022-08-23 10:09:48 -0600
  [1m[35m (3.2ms)[0m  [1m[34mSELECT sqlite_version(*)[0m
Processing by HomeController#index as HTML
  Rendering layout layouts/application.html.erb
  Rendering home/index.html.erb within layouts/application
  Rendered home/index.html.erb within layouts/application (Duration: 3.3ms | Allocations: 517)
[Webpacker] Compiling...
[Webpacker] Compiled all packs in C:/Users/randa/cmt-solutions-to-send/cmt-solutions/public/packs
[Webpacker] warning package.json: No license field

[Webpacker] Hash: e4b308ba3296138eed39
Version: webpack 4.46.0
Time: 5434ms
Built at: 08/23/2022 10:09:56 AM
                                          Asset       Size            Chunks                         Chunk Names
         js/application-b6f3945f04eed7de61fc.js   2.52 MiB       application  [emitted] [immutable]  application
     js/application-b6f3945f04eed7de61fc.js.map   2.71 MiB       application  [emitted] [dev]        application
    js/server_rendering-6c5504e830be434340be.js   2.52 MiB  server_rendering  [emitted] [immutable]  server_rendering
js/server_rendering-6c5504e830be434340be.js.map   2.71 MiB  server_rendering  [emitted] [dev]        server_rendering
                                  manifest.json  738 bytes                    [emitted]              
Entrypoint application = js/application-b6f3945f04eed7de61fc.js js/application-b6f3945f04eed7de61fc.js.map
Entrypoint server_rendering = js/server_rendering-6c5504e830be434340be.js js/server_rendering-6c5504e830be434340be.js.map
[../../node_modules/webpack/buildin/global.js] (webpack)/buildin/global.js 475 bytes {application} {server_rendering} [built]
[../../node_modules/webpack/buildin/module.js] (webpack)/buildin/module.js 546 bytes {application} {server_rendering} [built]
[./app/javascript/components sync recursive ^\.\/.*$] ./app/javascript/components sync ^\.\/.*$ 548 bytes {application} {server_rendering} [built]
[./app/javascript/helpers/axios-requests.js] 13.1 KiB {application} {server_rendering} [built]
[./app/javascript/packs/application.js] 734 bytes {application} [built]
[./app/javascript/packs/server_rendering.js] 301 bytes {server_rendering} [built]
    + 185 hidden modules

  Rendered layout layouts/application.html.erb (Duration: 8479.6ms | Allocations: 30123)
Completed 200 OK in 8555ms (Views: 8495.9ms | ActiveRecord: 0.0ms | Allocations: 33408)


Started GET "/favicon.ico" for 127.0.0.1 at 2022-08-23 10:09:57 -0600
  
ActionController::RoutingError (No route matches [GET] "/favicon.ico"):
  
Started GET "/home/index" for 127.0.0.1 at 2022-08-23 14:51:15 -0600
  [1m[35m (2.4ms)[0m  [1m[34mSELECT sqlite_version(*)[0m
Processing by HomeController#index as HTML
  Rendering layout layouts/application.html.erb
  Rendering home/index.html.erb within layouts/application
  Rendered home/index.html.erb within layouts/application (Duration: 6.1ms | Allocations: 517)
[Webpacker] Everything's up-to-date. Nothing to do
  Rendered layout layouts/application.html.erb (Duration: 174.4ms | Allocations: 27129)
Completed 200 OK in 222ms (Views: 193.4ms | ActiveRecord: 0.0ms | Allocations: 30415)


Started GET "/favicon.ico" for 127.0.0.1 at 2022-08-23 14:51:16 -0600
  
ActionController::RoutingError (No route matches [GET] "/favicon.ico"):
  
Started GET "/home/index" for 127.0.0.1 at 2022-08-23 15:50:26 -0600
  [1m[35m (2.1ms)[0m  [1m[34mSELECT sqlite_version(*)[0m
Processing by HomeController#index as HTML
  Rendering layout layouts/application.html.erb
  Rendering home/index.html.erb within layouts/application
  Rendered home/index.html.erb within layouts/application (Duration: 6.2ms | Allocations: 517)
[Webpacker] Everything's up-to-date. Nothing to do
  Rendered layout layouts/application.html.erb (Duration: 289.3ms | Allocations: 27932)
Completed 200 OK in 341ms (Views: 308.7ms | ActiveRecord: 0.0ms | Allocations: 31217)


Started GET "/favicon.ico" for 127.0.0.1 at 2022-08-23 15:50:28 -0600
  
ActionController::RoutingError (No route matches [GET] "/favicon.ico"):
  
Started GET "/home/index" for 127.0.0.1 at 2022-08-23 20:00:12 -0600
  [1m[35m (18.6ms)[0m  [1m[34mSELECT sqlite_version(*)[0m
Processing by HomeController#index as HTML
  Rendering layout layouts/application.html.erb
  Rendering home/index.html.erb within layouts/application
  Rendered home/index.html.erb within layouts/application (Duration: 5.6ms | Allocations: 517)
[Webpacker] Compiling...
[Webpacker] Compiled all packs in C:/Users/randa/Github/final-cmt-homework/public/packs
[Webpacker] warning package.json: No license field
warning ..\..\package.json: No license field

[Webpacker] Hash: 10f2181f8a39e28d758c
Version: webpack 4.46.0
Time: 9519ms
Built at: 08/23/2022 8:00:27 PM
                                          Asset      Size            Chunks                         Chunk Names
         js/application-60af880ca997c42041ab.js  3.72 MiB       application  [emitted] [immutable]  application
     js/application-60af880ca997c42041ab.js.map  4.09 MiB       application  [emitted] [dev]        application
         js/hello_react-efb2a9508fdae5934017.js  1.25 MiB       hello_react  [emitted] [immutable]  hello_react
     js/hello_react-efb2a9508fdae5934017.js.map  1.44 MiB       hello_react  [emitted] [dev]        hello_react
    js/server_rendering-00769f731376b4a143cd.js  3.72 MiB  server_rendering  [emitted] [immutable]  server_rendering
js/server_rendering-00769f731376b4a143cd.js.map  4.09 MiB  server_rendering  [emitted] [dev]        server_rendering
                                  manifest.json  1.05 KiB                    [emitted]              
Entrypoint application = js/application-60af880ca997c42041ab.js js/application-60af880ca997c42041ab.js.map
Entrypoint hello_react = js/hello_react-efb2a9508fdae5934017.js js/hello_react-efb2a9508fdae5934017.js.map
Entrypoint server_rendering = js/server_rendering-00769f731376b4a143cd.js js/server_rendering-00769f731376b4a143cd.js.map
[./app/javascript/components sync recursive ^\.\/.*$] ./app/javascript/components sync ^\.\/.*$ 548 bytes {application} {server_rendering} [built]
[./app/javascript/helpers/axios-requests.js] 13.1 KiB {application} {server_rendering} [built]
[./app/javascript/packs/application.js] 952 bytes {application} [built]
[./app/javascript/packs/hello_react.jsx] 1.08 KiB {hello_react} [built]
[./app/javascript/packs/server_rendering.js] 301 bytes {server_rendering} [built]
[./node_modules/webpack/buildin/global.js] (webpack)/buildin/global.js 475 bytes {application} {hello_react} {server_rendering} [built]
[./node_modules/webpack/buildin/module.js] (webpack)/buildin/module.js 546 bytes {application} {hello_react} {server_rendering} [built]
    + 193 hidden modules

  Rendered layout layouts/application.html.erb (Duration: 14554.5ms | Allocations: 28513)
Completed 200 OK in 14611ms (Views: 14572.5ms | ActiveRecord: 0.0ms | Allocations: 31798)


Started GET "/favicon.ico" for 127.0.0.1 at 2022-08-23 20:00:27 -0600
  
ActionController::RoutingError (No route matches [GET] "/favicon.ico"):
  
Started GET "/home/index" for 127.0.0.1 at 2022-08-23 20:02:05 -0600
  [1m[35m (1.4ms)[0m  [1m[34mSELECT sqlite_version(*)[0m
Processing by HomeController#index as HTML
  Rendering layout layouts/application.html.erb
  Rendering home/index.html.erb within layouts/application
  Rendered home/index.html.erb within layouts/application (Duration: 6.1ms | Allocations: 517)
[Webpacker] Everything's up-to-date. Nothing to do
  Rendered layout layouts/application.html.erb (Duration: 172.8ms | Allocations: 26991)
Completed 200 OK in 261ms (Views: 185.4ms | ActiveRecord: 0.0ms | Allocations: 30276)


Started GET "/favicon.ico" for 127.0.0.1 at 2022-08-23 20:02:06 -0600
  
ActionController::RoutingError (No route matches [GET] "/favicon.ico"):
  
Started GET "/home/index" for 127.0.0.1 at 2022-08-23 20:04:25 -0600
  [1m[35m (3.2ms)[0m  [1m[34mSELECT sqlite_version(*)[0m
Processing by HomeController#index as HTML
  Rendering layout layouts/application.html.erb
  Rendering home/index.html.erb within layouts/application
  Rendered home/index.html.erb within layouts/application (Duration: 3.9ms | Allocations: 517)
[Webpacker] Compiling...
[Webpacker] Compiled all packs in C:/Users/randa/Github/final-cmt-homework/public/packs
[Webpacker] warning package.json: No license field
warning ..\..\package.json: No license field

[Webpacker] Hash: 6009d52bbf18e423003e
Version: webpack 4.46.0
Time: 3511ms
Built at: 08/23/2022 8:04:32 PM
                                          Asset      Size            Chunks                         Chunk Names
         js/application-5d240ec667f8ef32b540.js  3.71 MiB       application  [emitted] [immutable]  application
     js/application-5d240ec667f8ef32b540.js.map  4.09 MiB       application  [emitted] [dev]        application
         js/hello_react-efb2a9508fdae5934017.js  1.25 MiB       hello_react  [emitted] [immutable]  hello_react
     js/hello_react-efb2a9508fdae5934017.js.map  1.44 MiB       hello_react  [emitted] [dev]        hello_react
    js/server_rendering-11245d54d809ba03beb9.js  3.71 MiB  server_rendering  [emitted] [immutable]  server_rendering
js/server_rendering-11245d54d809ba03beb9.js.map  4.09 MiB  server_rendering  [emitted] [dev]        server_rendering
                                  manifest.json  1.05 KiB                    [emitted]              
Entrypoint application = js/application-5d240ec667f8ef32b540.js js/application-5d240ec667f8ef32b540.js.map
Entrypoint hello_react = js/hello_react-efb2a9508fdae5934017.js js/hello_react-efb2a9508fdae5934017.js.map
Entrypoint server_rendering = js/server_rendering-11245d54d809ba03beb9.js js/server_rendering-11245d54d809ba03beb9.js.map
[./app/javascript/components sync recursive ^\.\/.*$] ./app/javascript/components sync ^\.\/.*$ 548 bytes {application} {server_rendering} [built]
[./app/javascript/helpers/axios-requests.js] 13.1 KiB {application} {server_rendering} [built]
[./app/javascript/packs/application.js] 952 bytes {application} [built]
[./app/javascript/packs/hello_react.jsx] 1.08 KiB {hello_react} [built]
[./app/javascript/packs/server_rendering.js] 301 bytes {server_rendering} [built]
[./node_modules/webpack/buildin/global.js] (webpack)/buildin/global.js 475 bytes {application} {hello_react} {server_rendering} [built]
[./node_modules/webpack/buildin/module.js] (webpack)/buildin/module.js 546 bytes {application} {hello_react} {server_rendering} [built]
    + 194 hidden modules

  Rendered layout layouts/application.html.erb (Duration: 6610.3ms | Allocations: 28490)
Completed 200 OK in 6658ms (Views: 6628.1ms | ActiveRecord: 0.0ms | Allocations: 31775)


Started GET "/favicon.ico" for 127.0.0.1 at 2022-08-23 20:04:32 -0600
  
ActionController::RoutingError (No route matches [GET] "/favicon.ico"):
  
Started GET "/home/index" for 127.0.0.1 at 2022-08-23 20:07:25 -0600
  [1m[35m (2.3ms)[0m  [1m[34mSELECT sqlite_version(*)[0m
Processing by HomeController#index as HTML
  Rendering layout layouts/application.html.erb
  Rendering home/index.html.erb within layouts/application
  Rendered home/index.html.erb within layouts/application (Duration: 3.5ms | Allocations: 517)
[Webpacker] Everything's up-to-date. Nothing to do
  Rendered layout layouts/application.html.erb (Duration: 165.3ms | Allocations: 27059)
Completed 200 OK in 209ms (Views: 183.3ms | ActiveRecord: 0.0ms | Allocations: 30344)


Started GET "/favicon.ico" for 127.0.0.1 at 2022-08-23 20:07:26 -0600
  
ActionController::RoutingError (No route matches [GET] "/favicon.ico"):
  
Started GET "/home/index" for 127.0.0.1 at 2022-08-23 20:07:35 -0600
Processing by HomeController#index as HTML
  Rendering layout layouts/application.html.erb
  Rendering home/index.html.erb within layouts/application
  Rendered home/index.html.erb within layouts/application (Duration: 0.4ms | Allocations: 124)
[Webpacker] Everything's up-to-date. Nothing to do
  Rendered layout layouts/application.html.erb (Duration: 53.8ms | Allocations: 3646)
Completed 200 OK in 57ms (Views: 54.7ms | ActiveRecord: 0.0ms | Allocations: 4006)


